<?xml version="1.0" encoding="UTF-8"?>
<!-- Generated by org.testng.reporters.JUnitReportReporter -->
<testsuite hostname="LAPTOP-K9GQO8KP" failures="0" tests="4" name="api.test.UserTests2" time="9.420" errors="0" timestamp="2023-10-27T12:33:33 IST" skipped="0">
  <testcase classname="api.test.UserTests2" name="testCreateUser" time="5.312"/>
  <testcase classname="api.test.UserTests2" name="testGetUserByName" time="1.602"/>
  <testcase classname="api.test.UserTests2" name="testUpdateUserByName" time="1.139"/>
  <testcase classname="api.test.UserTests2" name="testDeleteUserByName" time="1.367"/>
</testsuite> <!-- api.test.UserTests2 -->
