<?xml version="1.0" encoding="UTF-8"?>
<!-- Generated by org.testng.reporters.JUnitReportReporter -->
<testsuite hostname="LAPTOP-K9GQO8KP" failures="0" tests="4" name="api.test.UserTests" time="10.640" errors="0" timestamp="2023-10-27T11:47:54 IST" skipped="0">
  <testcase classname="api.test.UserTests" name="testCreateUser" time="5.924"/>
  <testcase classname="api.test.UserTests" name="testGetUserByName" time="1.840"/>
  <testcase classname="api.test.UserTests" name="testUpdateUserByName" time="1.657"/>
  <testcase classname="api.test.UserTests" name="testDeleteUserByName" time="1.219"/>
</testsuite> <!-- api.test.UserTests -->
