<?xml version="1.0" encoding="UTF-8"?>
<!-- Generated by org.testng.reporters.JUnitReportReporter -->
<testsuite hostname="LAPTOP-K9GQO8KP" failures="0" tests="6" name="api.test.DataDrivenTests" time="12.447" errors="0" timestamp="2023-10-25T14:25:00 IST" skipped="0">
  <testcase classname="api.test.DataDrivenTests" name="testCreateUser" time="1.225"/>
  <testcase classname="api.test.DataDrivenTests" name="testCreateUser" time="6.318"/>
  <testcase classname="api.test.DataDrivenTests" name="testCreateUser" time="1.524"/>
  <testcase classname="api.test.DataDrivenTests" name="testDeleteUser" time="1.090"/>
  <testcase classname="api.test.DataDrivenTests" name="testDeleteUser" time="1.097"/>
  <testcase classname="api.test.DataDrivenTests" name="testDeleteUser" time="1.193"/>
</testsuite> <!-- api.test.DataDrivenTests -->
