<?xml version="1.0" encoding="UTF-8"?>
<!-- Generated by org.testng.reporters.JUnitReportReporter -->
<testsuite hostname="LAPTOP-K9GQO8KP" failures="0" tests="4" name="api.test.UserTests2" time="8.191" errors="0" timestamp="2023-10-30T14:29:14 IST" skipped="0">
  <testcase classname="api.test.UserTests2" name="testCreateUser" time="4.176"/>
  <testcase classname="api.test.UserTests2" name="testGetUserByName" time="1.445"/>
  <testcase classname="api.test.UserTests2" name="testUpdateUserByName" time="1.437"/>
  <testcase classname="api.test.UserTests2" name="testDeleteUserByName" time="1.133"/>
</testsuite> <!-- api.test.UserTests2 -->
